빌드 시작: 2020-09-14(월) 오후 11:08:31
     1>2 노드의 "D:\StudyMFC\Project\HelloWorld\HelloWorld\HelloWorld.vcxproj" 프로젝트(build 대상)입니다.
     1>PrepareForBuild:
         "D:\StudyMFC\Project\HelloWorld\Release\" 디렉터리를 만들고 있습니다.
       InitializeBuildStatus:
         "AlwaysCreate"이(가) 지정되었기 때문에 "Release\HelloWorld.unsuccessfulbuild"을(를) 만들고 있습니다.
       ClCompile:
         D:\Program Files (x86)\Microsoft Visual Studio 10.0\VC\bin\CL.exe /c /Zi /nologo /W3 /WX- /O2 /Oi /Oy- /GL /D WIN32 /D NDEBUG /D _WINDOWS /D _UNICODE /D UNICODE /Gm- /EHsc /MD /GS /Gy /fp:precise /Zc:wchar_t /Zc:forScope /Yc"StdAfx.h" /Fp"Release\HelloWorld.pch" /Fo"Release\\" /Fd"Release\vc100.pdb" /Gd /TP /analyze- /errorReport:prompt stdafx.cpp
         stdafx.cpp
         D:\Program Files (x86)\Microsoft Visual Studio 10.0\VC\bin\CL.exe /c /Zi /nologo /W3 /WX- /O2 /Oi /Oy- /GL /D WIN32 /D NDEBUG /D _WINDOWS /D _UNICODE /D UNICODE /Gm- /EHsc /MD /GS /Gy /fp:precise /Zc:wchar_t /Zc:forScope /Yu"StdAfx.h" /Fp"Release\HelloWorld.pch" /Fo"Release\\" /Fd"Release\vc100.pdb" /Gd /TP /analyze- /errorReport:prompt HelloWorld.cpp
         HelloWorld.cpp
       ResourceCompile:
         C:\Program Files (x86)\Microsoft SDKs\Windows\v7.0A\bin\rc.exe /D _UNICODE /D UNICODE /l"0x0409" /nologo /fo"Release\HelloWorld.res" HelloWorld.rc 
       Link:
         D:\Program Files (x86)\Microsoft Visual Studio 10.0\VC\bin\link.exe /ERRORREPORT:PROMPT /OUT:"D:\StudyMFC\Project\HelloWorld\Release\HelloWorld.exe" /INCREMENTAL:NO /NOLOGO kernel32.lib user32.lib gdi32.lib winspool.lib comdlg32.lib advapi32.lib shell32.lib ole32.lib oleaut32.lib uuid.lib odbc32.lib odbccp32.lib /MANIFEST /ManifestFile:"Release\HelloWorld.exe.intermediate.manifest" /MANIFESTUAC:"level='asInvoker' uiAccess='false'" /DEBUG /PDB:"D:\StudyMFC\Project\HelloWorld\Release\HelloWorld.pdb" /SUBSYSTEM:WINDOWS /OPT:REF /OPT:ICF /LTCG /TLBID:1 /DYNAMICBASE /NXCOMPAT /IMPLIB:"D:\StudyMFC\Project\HelloWorld\Release\HelloWorld.lib" /MACHINE:X86 Release\HelloWorld.res
         Release\HelloWorld.obj
         Release\stdafx.obj
         코드를 생성하고 있습니다.
         코드를 생성했습니다.
         HelloWorld.vcxproj -> D:\StudyMFC\Project\HelloWorld\Release\HelloWorld.exe
       Manifest:
         C:\Program Files (x86)\Microsoft SDKs\Windows\v7.0A\bin\mt.exe /nologo /verbose /outputresource:"D:\StudyMFC\Project\HelloWorld\Release\HelloWorld.exe;#1" /manifest Release\HelloWorld.exe.intermediate.manifest
       FinalizeBuildStatus:
         "Release\HelloWorld.unsuccessfulbuild" 파일을 삭제하고 있습니다.
         "Release\HelloWorld.lastbuildstate"에 연결(touching)하고 있습니다.
     1>"D:\StudyMFC\Project\HelloWorld\HelloWorld\HelloWorld.vcxproj" 프로젝트를 빌드했습니다(build 대상).

빌드했습니다.

경과 시간: 00:00:02.85
